<?xml version="1.0" encoding="UTF-8"?>
<!-- Generated by org.testng.reporters.JUnitXMLReporter -->
<testsuite hostname="DESKTOP-J26F3RF" ignored="0" name="Test" tests="6" failures="2" timestamp="06 Jul 2022 16:58:42 GMT" time="25.868" errors="0">
  <testcase name="m1" time="0.023" classname="com.orangehrm.tests.LoginTests">
    <failure type="java.lang.AssertionError" message="expected [true] but found [false]">
      <![CDATA[java.lang.AssertionError: expected [true] but found [false]
at com.orangehrm.tests.LoginTests.m1(LoginTests.java:26)
... Removed 29 stack frames]]>
    </failure>
  </testcase> <!-- m1 -->
  <testcase name="m2" time="0.005" classname="com.orangehrm.tests.LoginTests">
    <skipped/>
  </testcase> <!-- m2 -->
  <testcase name="m3" time="0.002" classname="com.orangehrm.tests.LoginTests">
    <failure type="java.lang.AssertionError" message="expected [true] but found [false]">
      <![CDATA[java.lang.AssertionError: expected [true] but found [false]
at com.orangehrm.tests.LoginTests.m3(LoginTests.java:40)
... Removed 29 stack frames]]>
    </failure>
  </testcase> <!-- m3 -->
  <testcase name="m4" time="0.011" classname="com.orangehrm.tests.LoginTests"/>
  <testcase name="m5" time="0.006" classname="com.orangehrm.tests.LoginTests"/>
  <testcase name="verifyLogin" time="2.225" classname="com.orangehrm.tests.LoginTests"/>
</testsuite> <!-- Test -->
