<?xml version="1.0" encoding="UTF-8"?>
<!-- Generated by org.testng.reporters.JUnitXMLReporter -->
<testsuite hostname="DESKTOP-J26F3RF" ignored="0" name="Test" tests="6" failures="2" timestamp="07 Jul 2022 17:06:27 GMT" time="13.414" errors="0">
  <testcase name="m1" time="0.019" classname="com.orangehrm.tests.LoginTests">
    <failure type="java.lang.AssertionError" message="expected [true] but found [false]">
      <![CDATA[java.lang.AssertionError: expected [true] but found [false]
at com.orangehrm.tests.LoginTests.m1(LoginTests.java:27)
... Removed 33 stack frames]]>
    </failure>
  </testcase> <!-- m1 -->
  <testcase name="m2" time="0.0" classname="com.orangehrm.tests.LoginTests">
    <skipped/>
  </testcase> <!-- m2 -->
  <testcase name="m3" time="0.001" classname="com.orangehrm.tests.LoginTests">
    <failure type="java.lang.AssertionError" message="expected [true] but found [false]">
      <![CDATA[java.lang.AssertionError: expected [true] but found [false]
at com.orangehrm.tests.LoginTests.m3(LoginTests.java:41)
... Removed 33 stack frames]]>
    </failure>
  </testcase> <!-- m3 -->
  <testcase name="m4" time="0.008" classname="com.orangehrm.tests.LoginTests"/>
  <testcase name="m5" time="0.0" classname="com.orangehrm.tests.LoginTests"/>
  <testcase name="verifyLogin" time="2.239" classname="com.orangehrm.tests.LoginTests"/>
</testsuite> <!-- Test -->
